<?xml version="1.0" encoding="UTF-8"?>
<testng-results ignored="0" total="2" passed="2" failed="0" skipped="0">
  <reporter-output>
  </reporter-output>
  <suite started-at="2021-02-17T17:14:50 CET" name="Command line suite" finished-at="2021-02-17T17:14:50 CET" duration-ms="93">
    <groups>
    </groups>
    <test started-at="2021-02-17T17:14:50 CET" name="Command line test" finished-at="2021-02-17T17:14:50 CET" duration-ms="93">
      <class name="com.qa.test1.Test2">
        <test-method signature="sum()[pri:0, instance:com.qa.test1.Test2@8e24743]" started-at="2021-02-17T17:14:50 CET" name="sum" finished-at="2021-02-17T17:14:50 CET" duration-ms="1" status="PASS">
          <reporter-output>
          </reporter-output>
        </test-method> <!-- sum -->
      </class> <!-- com.qa.test1.Test2 -->
      <class name="com.qa.test1.Test1">
        <test-method signature="sum()[pri:0, instance:com.qa.test1.Test1@cb0ed20]" started-at="2021-02-17T17:14:50 CET" name="sum" finished-at="2021-02-17T17:14:50 CET" duration-ms="13" status="PASS">
          <reporter-output>
          </reporter-output>
        </test-method> <!-- sum -->
      </class> <!-- com.qa.test1.Test1 -->
    </test> <!-- Command line test -->
  </suite> <!-- Command line suite -->
</testng-results>
