<?xml version="1.0" encoding="UTF-8"?>
<testng-results ignored="0" total="1" passed="1" failed="0" skipped="0">
  <reporter-output>
  </reporter-output>
  <suite started-at="2021-02-18T13:12:55 CET" name="Default suite" finished-at="2021-02-18T13:13:36 CET" duration-ms="40738">
    <groups>
    </groups>
    <test started-at="2021-02-18T13:12:55 CET" name="Default test" finished-at="2021-02-18T13:13:36 CET" duration-ms="40738">
      <class name="com.qa.test1.Test1">
        <test-method signature="testPage()[pri:0, instance:com.qa.test1.Test1@65d6b83b]" started-at="2021-02-18T13:12:55 CET" name="testPage" finished-at="2021-02-18T13:13:36 CET" duration-ms="40682" status="PASS">
          <reporter-output>
          </reporter-output>
        </test-method> <!-- testPage -->
      </class> <!-- com.qa.test1.Test1 -->
    </test> <!-- Default test -->
  </suite> <!-- Default suite -->
</testng-results>
